0 info it worked if it ends with ok
1 verbose cli [ 'C:\\Program Files\\nodejs\\\\node.exe',
1 verbose cli   'C:\\Program Files\\nodejs\\node_modules\\npm\\bin\\npm-cli.js',
1 verbose cli   'install' ]
2 info using npm@1.4.28
3 info using node@v0.10.35
4 verbose node symlink C:\Program Files\nodejs\\node.exe
5 verbose readDependencies using package.json deps
6 verbose install where, deps [ 'C:\\Users\\Philipp\\WebstormProjects\\angular-phonecat',
6 verbose install   [ 'karma',
6 verbose install     'karma-chrome-launcher',
6 verbose install     'karma-jasmine',
6 verbose install     'protractor',
6 verbose install     'http-server',
6 verbose install     'tmp',
6 verbose install     'bower',
6 verbose install     'shelljs' ] ]
7 info preinstall angular-phonecat@0.0.0
8 verbose readDependencies using package.json deps
9 verbose already installed skipping karma@^0.12.16 C:\Users\Philipp\WebstormProjects\angular-phonecat
10 verbose already installed skipping karma-chrome-launcher@^0.1.4 C:\Users\Philipp\WebstormProjects\angular-phonecat
11 verbose already installed skipping karma-jasmine@^0.1.5 C:\Users\Philipp\WebstormProjects\angular-phonecat
12 verbose already installed skipping protractor@~1.0.0 C:\Users\Philipp\WebstormProjects\angular-phonecat
13 verbose already installed skipping http-server@^0.6.1 C:\Users\Philipp\WebstormProjects\angular-phonecat
14 verbose already installed skipping tmp@0.0.23 C:\Users\Philipp\WebstormProjects\angular-phonecat
15 verbose already installed skipping bower@^1.3.1 C:\Users\Philipp\WebstormProjects\angular-phonecat
16 verbose already installed skipping shelljs@^0.2.6 C:\Users\Philipp\WebstormProjects\angular-phonecat
17 silly resolved []
18 info build C:\Users\Philipp\WebstormProjects\angular-phonecat
19 verbose linkStuff [ false, false, false, 'C:\\Users\\Philipp\\WebstormProjects' ]
20 info linkStuff angular-phonecat@0.0.0
21 verbose linkBins angular-phonecat@0.0.0
22 verbose linkMans angular-phonecat@0.0.0
23 verbose rebuildBundles angular-phonecat@0.0.0
24 verbose rebuildBundles [ '.bin',
24 verbose rebuildBundles   'bower',
24 verbose rebuildBundles   'http-server',
24 verbose rebuildBundles   'karma',
24 verbose rebuildBundles   'karma-chrome-launcher',
24 verbose rebuildBundles   'karma-jasmine',
24 verbose rebuildBundles   'protractor',
24 verbose rebuildBundles   'shelljs',
24 verbose rebuildBundles   'tmp' ]
25 info install angular-phonecat@0.0.0
26 info postinstall angular-phonecat@0.0.0
27 verbose unsafe-perm in lifecycle true
28 info angular-phonecat@0.0.0 Failed to exec postinstall script
29 error angular-phonecat@0.0.0 postinstall: `bower install`
29 error Exit status 1
30 error Failed at the angular-phonecat@0.0.0 postinstall script.
30 error This is most likely a problem with the angular-phonecat package,
30 error not with npm itself.
30 error Tell the author that this fails on your system:
30 error     bower install
30 error You can get their info via:
30 error     npm owner ls angular-phonecat
30 error There is likely additional logging output above.
31 error System Windows_NT 6.2.9200
32 error command "C:\\Program Files\\nodejs\\\\node.exe" "C:\\Program Files\\nodejs\\node_modules\\npm\\bin\\npm-cli.js" "install"
33 error cwd C:\Users\Philipp\WebstormProjects\angular-phonecat
34 error node -v v0.10.35
35 error npm -v 1.4.28
36 error code ELIFECYCLE
37 verbose exit [ 1, true ]
